[31m[31merror[31m[39m: the pathe error in /favicon.ico,  Custom Server Error > API Not found {"timestamp":"2023-03-05T13:27:30.350Z"}
[31m[31merror[31m[39m: the pathe error in /image/face-by-upload,  Custom Server Error > Please provide me with IMAGE URL {"timestamp":"2023-03-05T14:28:45.251Z"}
[31m[31merror[31m[39m: the pathe error in /image/face-by-upload,  Custom Server Error > Please provide me with IMAGE URL {"timestamp":"2023-03-05T14:28:45.252Z"}
[31m[31merror[31m[39m: the pathe error in /image/face-by-upload,  Custom Server Error > Please provide me with IMAGE URL {"timestamp":"2023-03-05T14:28:55.526Z"}
[31m[31merror[31m[39m: the pathe error in /image/face-by-upload,  Custom Server Error > Please provide me with IMAGE URL {"timestamp":"2023-03-05T14:28:55.528Z"}
[31m[31merror[31m[39m: the pathe error in /image/face-by-upload,  Custom Server Error > Please provide me with IMAGE URL {"timestamp":"2023-03-05T14:28:55.529Z"}
[31m[31merror[31m[39m: the pathe error in /image/face-by-upload,  Custom Server Error > Please provide me with IMAGE URL {"timestamp":"2023-03-05T14:28:55.530Z"}
[31m[31merror[31m[39m: the pathe error in /image/face-by-upload,  Custom Server Error > Please provide me with IMAGE URL {"timestamp":"2023-03-05T14:28:55.531Z"}
[31m[31merror[31m[39m: the pathe error in /image/face/face-by-upload,  Custom Server Error > Something went wrong while image processing {"timestamp":"2023-03-05T14:29:04.437Z"}
[31m[31merror[31m[39m: the pathe error in /image/face-by-upload,  Custom Server Error > Please provide me with IMAGE URL {"timestamp":"2023-03-05T14:29:37.089Z"}
[31m[31merror[31m[39m: the pathe error in /image/face/face-by-upload,  Custom Server Error > Something went wrong while image processing {"timestamp":"2023-03-05T14:29:45.840Z"}
[31m[31merror[31m[39m: the pathe error in /image/face/face-by-upload,  Custom Server Error > Something went wrong while image processing {"timestamp":"2023-03-05T14:29:45.841Z"}
[31m[31merror[31m[39m: the pathe error in /image/face/face-by-upload,  Custom Server Error > Something went wrong while image processing {"timestamp":"2023-03-05T14:29:45.842Z"}
[31m[31merror[31m[39m: the pathe error in /image/filter,  Custom Server Error > API Not found {"timestamp":"2023-03-05T14:52:14.825Z"}
[31m[31merror[31m[39m: the pathe error in /image/filter,  Custom Server Error > API Not found {"timestamp":"2023-03-05T14:52:21.118Z"}
[31m[31merror[31m[39m: the pathe error in /image/face/face-by-upload,  Custom Server Error > Something went wrong while image processing {"timestamp":"2023-03-05T14:53:14.349Z"}
[31m[31merror[31m[39m: the pathe error in /image/face/face-by-upload,  Custom Server Error > Something went wrong while image processing {"timestamp":"2023-03-05T14:53:14.350Z"}
[31m[31merror[31m[39m: the pathe error in /image/face-by-upload,  Custom Server Error > Please provide me with IMAGE URL {"timestamp":"2023-03-05T14:54:15.735Z"}
[31m[31merror[31m[39m: the pathe error in /image,  Custom Server Error > Something went wrong while image processing {"timestamp":"2023-03-05T14:55:35.213Z"}
[31m[31merror[31m[39m: the pathe error in /custom-label/search-image,  Custom Server Error > TypeError: Cannot read properties of undefined (reading 'toString') {"timestamp":"2023-03-05T14:58:34.127Z"}
[31m[31merror[31m[39m: the pathe error in /image/face-by-upload,  Custom Server Error > Please provide me with IMAGE URL {"timestamp":"2023-03-05T15:14:51.443Z"}
[31m[31merror[31m[39m: the pathe error in /image/face-by-upload,  Custom Server Error > Please provide me with IMAGE URL {"timestamp":"2023-03-05T15:14:51.443Z"}
[31m[31merror[31m[39m: the pathe error in /image,  Custom Server Error > Something went wrong while image processing {"timestamp":"2023-03-05T15:15:45.942Z"}
[31m[31merror[31m[39m: the pathe error in /image,  Custom Server Error > Something went wrong while image processing {"timestamp":"2023-03-05T15:16:17.975Z"}
[31m[31merror[31m[39m: the pathe error in /image/filter,  Custom Server Error > API Not found {"timestamp":"2023-03-05T15:50:30.789Z"}
[31m[31merror[31m[39m: the pathe error in /custom-label/search-image,  Custom Server Error > TypeError: Cannot read properties of undefined (reading 'toString') {"timestamp":"2023-03-05T16:57:35.384Z"}
[31m[31merror[31m[39m: the pathe error in /favicon.ico,  Custom Server Error > API Not found {"timestamp":"2023-03-06T08:21:10.700Z"}
[31m[31merror[31m[39m: the pathe error in /image/filter,  Custom Server Error > API Not found {"timestamp":"2023-03-06T08:24:45.079Z"}
[31m[31merror[31m[39m: the pathe error in /image/filter,  Custom Server Error > No image uplaoded or missing filterName {"timestamp":"2023-03-06T08:25:53.063Z"}
[31m[31merror[31m[39m: the pathe error in /image/face/face-by-upload,  Custom Server Error > Something went wrong while image processing {"timestamp":"2023-03-06T10:42:21.214Z"}
[31m[31merror[31m[39m: the pathe error in /image/face/face-by-upload,  Custom Server Error > Something went wrong while image processing {"timestamp":"2023-03-06T10:42:27.752Z"}
[31m[31merror[31m[39m: the pathe error in /image/face/face-by-upload,  Custom Server Error > Something went wrong while image processing {"timestamp":"2023-03-06T10:43:00.826Z"}
[31m[31merror[31m[39m: the pathe error in /image/face-by-upload,  Custom Server Error > Please provide me with IMAGE URL {"timestamp":"2023-03-06T10:43:41.345Z"}
[31m[31merror[31m[39m: the pathe error in /image/face-by-upload,  Custom Server Error > Please provide me with IMAGE URL {"timestamp":"2023-03-06T10:47:29.208Z"}
[31m[31merror[31m[39m: the pathe error in /image/face/face-by-upload,  Custom Server Error > Something went wrong while image processing {"timestamp":"2023-03-06T10:50:04.715Z"}
[31m[31merror[31m[39m: the pathe error in /image,  Custom Server Error > Something went wrong while image processing {"timestamp":"2023-03-06T10:51:31.786Z"}
[31m[31merror[31m[39m: the pathe error in /image,  Custom Server Error > Something went wrong while image processing {"timestamp":"2023-03-06T10:53:27.824Z"}
[31m[31merror[31m[39m: the pathe error in /image,  Custom Server Error > Something went wrong while image processing {"timestamp":"2023-03-06T10:54:18.176Z"}
[31m[31merror[31m[39m: the pathe error in /image,  Custom Server Error > Something went wrong while image processing {"timestamp":"2023-03-06T10:55:23.946Z"}
[31m[31merror[31m[39m: the pathe error in /image,  Custom Server Error > Something went wrong while image processing {"timestamp":"2023-03-06T10:55:41.688Z"}
[31m[31merror[31m[39m: the pathe error in /image,  Custom Server Error > Something went wrong while image processing {"timestamp":"2023-03-06T10:56:44.311Z"}
[31m[31merror[31m[39m: the pathe error in /image,  Custom Server Error > Something went wrong while image processing {"timestamp":"2023-03-06T10:57:22.659Z"}
[31m[31merror[31m[39m: the pathe error in /image,  Custom Server Error > Something went wrong while image processing {"timestamp":"2023-03-06T10:58:25.607Z"}
[31m[31merror[31m[39m: the pathe error in /custom-label/search-image,  Custom Server Error > [object Object] {"timestamp":"2023-03-06T11:08:02.693Z"}
[31m[31merror[31m[39m: the pathe error in /custom-label/search-image,  Custom Server Error > [object Object] {"timestamp":"2023-03-06T11:08:29.226Z"}
[31m[31merror[31m[39m: the pathe error in /custom-label/search-image,  Custom Server Error > [object Object] {"timestamp":"2023-03-06T11:08:38.408Z"}
[31m[31merror[31m[39m: the pathe error in /favicon.ico,  Custom Server Error > API Not found {"timestamp":"2023-03-07T08:39:15.713Z"}
[31m[31merror[31m[39m: the pathe error in /image/filter, server error: TypeError: Cannot destructure property 'error' of '(intermediate value)' as it is undefined. {"timestamp":"2023-03-07T08:51:28.364Z"}
[31m[31merror[31m[39m: the pathe error in /image/filter, server error: TypeError: Cannot destructure property 'error' of '(intermediate value)' as it is undefined. {"timestamp":"2023-03-07T08:51:42.913Z"}
[31m[31merror[31m[39m: the pathe error in /image/filter, server error: TypeError: Cannot destructure property 'error' of '(intermediate value)' as it is undefined. {"timestamp":"2023-03-07T09:12:07.410Z"}
[31m[31merror[31m[39m: the pathe error in /image/filter, server error: TypeError: Cannot destructure property 'error' of '(intermediate value)' as it is undefined. {"timestamp":"2023-03-07T09:12:46.252Z"}
[31m[31merror[31m[39m: the pathe error in /image/filter, server error: TypeError: Cannot destructure property 'error' of '(intermediate value)' as it is undefined. {"timestamp":"2023-03-07T09:12:48.043Z"}
[31m[31merror[31m[39m: the pathe error in /image/filter, server error: TypeError: Cannot destructure property 'error' of '(intermediate value)' as it is undefined. {"timestamp":"2023-03-07T09:16:20.427Z"}
[31m[31merror[31m[39m: the pathe error in /image/filter, server error: TypeError: Cannot destructure property 'error' of '(intermediate value)' as it is undefined. {"timestamp":"2023-03-07T09:18:44.469Z"}
[31m[31merror[31m[39m: the pathe error in /image/filter, server error: TypeError: Cannot destructure property 'error' of '(intermediate value)' as it is undefined. {"timestamp":"2023-03-07T09:20:39.830Z"}
[31m[31merror[31m[39m: the pathe error in /image/filter, server error: Error: ENOENT: no such file or directory, open 'C:\code\shutterstop_ai_images_processing_nodejs\app\uploads\1678181324857.jpg' {"timestamp":"2023-03-07T09:28:44.860Z"}
[31m[31merror[31m[39m: the pathe error in /image/filter, server error: Error: ENOENT: no such file or directory, open 'C:\code\shutterstop_ai_images_processing_nodejs\app\uploads\1678181334171.jpg' {"timestamp":"2023-03-07T09:28:54.173Z"}
[31m[31merror[31m[39m: the pathe error in /image/filter, server error: TypeError: Cannot destructure property 'error' of '(intermediate value)' as it is undefined. {"timestamp":"2023-03-07T09:29:25.694Z"}
[31m[31merror[31m[39m: the pathe error in /image/filter,  Custom Server Error > API Not found {"timestamp":"2023-03-07T09:32:19.558Z"}
[31m[31merror[31m[39m: the pathe error in /image/filter, server error: Error: ENOENT: no such file or directory, open 'C:\uploads\1678185794688.jpeg' {"timestamp":"2023-03-07T10:43:14.693Z"}
[31m[31merror[31m[39m: the pathe error in /image/filter, server error: Error: ENOENT: no such file or directory, open 'C:\uploads\1678185813098.jpeg' {"timestamp":"2023-03-07T10:43:33.102Z"}
[31m[31merror[31m[39m: the pathe error in /image/filter, server error: Error: ENOENT: no such file or directory, open 'C:\uploads\1678185820466.jpeg' {"timestamp":"2023-03-07T10:43:40.468Z"}
[31m[31merror[31m[39m: the pathe error in /image/filter, server error: TypeError: Converting circular structure to JSON
    --> starting at object with constructor 'Socket'
    |     property 'parser' -> object with constructor 'HTTPParser'
    --- property 'socket' closes the circle {"timestamp":"2023-03-07T10:51:32.070Z"}
[31m[31merror[31m[39m: the pathe error in /image/filter, server error: TypeError: Cannot destructure property 'error' of '(intermediate value)' as it is undefined. {"timestamp":"2023-03-07T10:54:22.610Z"}
[31m[31merror[31m[39m: the pathe error in /image/filter, server error: TypeError: Cannot destructure property 'error' of '(intermediate value)' as it is undefined. {"timestamp":"2023-03-07T10:54:34.208Z"}
[31m[31merror[31m[39m: the pathe error in /image/filter, server error: TypeError: Cannot destructure property 'error' of '(intermediate value)' as it is undefined. {"timestamp":"2023-03-07T10:55:42.443Z"}
[31m[31merror[31m[39m: the pathe error in /image/filter, server error: TypeError: Cannot destructure property 'error' of '(intermediate value)' as it is undefined. {"timestamp":"2023-03-07T11:03:47.233Z"}
[31m[31merror[31m[39m: the pathe error in /image/filter, server error: TypeError: Cannot destructure property 'error' of '(intermediate value)' as it is undefined. {"timestamp":"2023-03-07T11:11:39.258Z"}
[31m[31merror[31m[39m: the pathe error in /image/filter, server error: TypeError: Cannot destructure property 'error' of '(intermediate value)' as it is undefined. {"timestamp":"2023-03-07T11:11:55.105Z"}
[31m[31merror[31m[39m: the pathe error in /image/filter, server error: TypeError: Cannot destructure property 'error' of '(intermediate value)' as it is undefined. {"timestamp":"2023-03-07T11:12:19.275Z"}
[31m[31merror[31m[39m: the pathe error in /image/filter, server error: TypeError: Cannot destructure property 'error' of '(intermediate value)' as it is undefined. {"timestamp":"2023-03-07T11:12:36.679Z"}
[31m[31merror[31m[39m: the pathe error in /image/filter, server error: TypeError: Cannot destructure property 'error' of '(intermediate value)' as it is undefined. {"timestamp":"2023-03-07T11:14:33.146Z"}
[31m[31merror[31m[39m: the pathe error in /image/filter, server error: TypeError: Cannot destructure property 'error' of '(intermediate value)' as it is undefined. {"timestamp":"2023-03-07T11:14:44.779Z"}
[31m[31merror[31m[39m: the pathe error in /image/face, server error: ReferenceError: faces is not defined {"timestamp":"2023-03-07T12:00:17.700Z"}
[31m[31merror[31m[39m: the pathe error in /image/face, server error: ReferenceError: faces is not defined {"timestamp":"2023-03-07T12:00:19.585Z"}
[31m[31merror[31m[39m: the pathe error in /image/face, server error: ReferenceError: faces is not defined {"timestamp":"2023-03-07T12:00:20.081Z"}
[31m[31merror[31m[39m: the pathe error in /image/face, server error: ReferenceError: faces is not defined {"timestamp":"2023-03-07T12:00:35.266Z"}
[31m[31merror[31m[39m: the pathe error in /image/face, server error: ReferenceError: filterName is not defined {"timestamp":"2023-03-07T12:18:17.058Z"}
[31m[31merror[31m[39m: the pathe error in /image/face, server error: ReferenceError: filterName is not defined {"timestamp":"2023-03-07T12:18:27.961Z"}
[31m[31merror[31m[39m: the pathe error in /image/face,  Custom Server Error > No image uplaoded or missing filterName {"timestamp":"2023-03-07T12:18:43.378Z"}
[31m[31merror[31m[39m: the pathe error in /image/face,  Custom Server Error > No image uplaoded {"timestamp":"2023-03-07T12:21:00.596Z"}
[31m[31merror[31m[39m: the pathe error in /image/face, server error: ReferenceError: protocol is not defined {"timestamp":"2023-03-07T12:37:08.222Z"}
[31m[31merror[31m[39m: the pathe error in /image/face, server error: ReferenceError: protocol is not defined {"timestamp":"2023-03-07T12:37:15.386Z"}
[31m[31merror[31m[39m: the pathe error in /image/face/face-by-upload,  Custom Server Error > Something went wrong while image processing {"timestamp":"2023-03-07T12:41:21.604Z"}
[31m[31merror[31m[39m: the pathe error in /image/face/face-by-upload,  Custom Server Error > Something went wrong while image processing {"timestamp":"2023-03-07T12:41:26.458Z"}
[31m[31merror[31m[39m: the pathe error in /custom-label,  Custom Server Error > Please Upload files {"timestamp":"2023-03-07T12:54:57.035Z"}
[31m[31merror[31m[39m: the pathe error in /custom-label,  Custom Server Error > Please Upload files {"timestamp":"2023-03-07T12:55:18.258Z"}
[31m[31merror[31m[39m: the pathe error in /custom-label,  Custom Server Error > Please Upload files {"timestamp":"2023-03-07T12:55:19.042Z"}
[31m[31merror[31m[39m: the pathe error in /custom-label,  Custom Server Error > Please Upload files {"timestamp":"2023-03-07T12:55:19.633Z"}
[31m[31merror[31m[39m: the pathe error in /custom-label,  Custom Server Error > Please Upload files {"timestamp":"2023-03-07T12:55:20.090Z"}
[31m[31merror[31m[39m: the pathe error in /custom-label,  Custom Server Error > Please Upload files {"timestamp":"2023-03-07T12:55:20.154Z"}
[31m[31merror[31m[39m: the pathe error in /custom-label,  Custom Server Error > Please Upload files {"timestamp":"2023-03-07T12:55:20.218Z"}
[31m[31merror[31m[39m: the pathe error in /custom-label,  Custom Server Error > Please Upload files {"timestamp":"2023-03-07T12:56:14.765Z"}
[31m[31merror[31m[39m: the pathe error in /custom-label,  Custom Server Error > Please Upload files {"timestamp":"2023-03-07T12:56:16.442Z"}
[31m[31merror[31m[39m: the pathe error in /custom-label,  Custom Server Error > Please Upload files {"timestamp":"2023-03-07T12:58:17.502Z"}
[31m[31merror[31m[39m: the pathe error in /custom-label/search-image,  Custom Server Error > Error: 3 INVALID_ARGUMENT: Request must specify image and features. {"timestamp":"2023-03-07T13:02:01.896Z"}
[31m[31merror[31m[39m: the pathe error in /custom-label/search-image,  Custom Server Error > Error: 3 INVALID_ARGUMENT: Request must specify image and features. {"timestamp":"2023-03-07T13:02:29.932Z"}
[31m[31merror[31m[39m: the pathe error in /custom-label,  Custom Server Error > Please Upload files {"timestamp":"2023-03-07T13:32:29.465Z"}
[31m[31merror[31m[39m: the pathe error in /custom-label,  Custom Server Error > Please Upload files {"timestamp":"2023-03-07T13:32:59.530Z"}
[31m[31merror[31m[39m: the pathe error in /custom-label,  Custom Server Error > Please Upload files {"timestamp":"2023-03-07T13:36:50.498Z"}
[31m[31merror[31m[39m: the pathe error in /custom-label,  Custom Server Error > Please Upload files {"timestamp":"2023-03-07T13:37:14.461Z"}
[31m[31merror[31m[39m: the pathe error in /custom-label/search-image,  Custom Server Error > [object Object] {"timestamp":"2023-03-07T13:56:30.281Z"}
[31m[31merror[31m[39m: the pathe error in /custom-label/search-image,  Custom Server Error > [object Object] {"timestamp":"2023-03-07T13:56:40.607Z"}
[31m[31merror[31m[39m: the pathe error in /custom-label/search-image,  Custom Server Error > [object Object] {"timestamp":"2023-03-07T14:00:37.177Z"}
[31m[31merror[31m[39m: the pathe error in /custom-label/search-image,  Custom Server Error > [object Object] {"timestamp":"2023-03-07T14:09:33.639Z"}
[31m[31merror[31m[39m: the pathe error in /custom-label/search-image,  Custom Server Error > [object Object] {"timestamp":"2023-03-07T14:14:18.881Z"}
[31m[31merror[31m[39m: the pathe error in /custom-label/search-image,  Custom Server Error > [object Object] {"timestamp":"2023-03-07T14:14:39.504Z"}
[31m[31merror[31m[39m: the pathe error in /custom-label/search-image,  Custom Server Error > [object Object] {"timestamp":"2023-03-07T14:19:00.680Z"}
[31m[31merror[31m[39m: the pathe error in /custom-label/search-image,  Custom Server Error > [object Object] {"timestamp":"2023-03-07T14:19:22.896Z"}
[31m[31merror[31m[39m: the pathe error in /custom-label/search-image,  Custom Server Error > [object Object] {"timestamp":"2023-03-07T14:24:05.652Z"}
[31m[31merror[31m[39m: the pathe error in /custom-label/search-image,  Custom Server Error > [object Object] {"timestamp":"2023-03-07T14:24:17.995Z"}
[31m[31merror[31m[39m: the pathe error in /custom-label/search-image,  Custom Server Error > [object Object] {"timestamp":"2023-03-07T14:24:55.081Z"}
[31m[31merror[31m[39m: the pathe error in /custom-label/search-image,  Custom Server Error > [object Object] {"timestamp":"2023-03-07T14:26:18.460Z"}
[31m[31merror[31m[39m: the pathe error in /custom-label/search-image,  Custom Server Error > [object Object] {"timestamp":"2023-03-07T14:27:12.578Z"}
[31m[31merror[31m[39m: the pathe error in /image/filter, server error: TypeError: Cannot destructure property 'error' of '(intermediate value)' as it is undefined. {"timestamp":"2023-03-07T15:00:32.549Z"}
[31m[31merror[31m[39m: the pathe error in /image/filter, server error: TypeError: Cannot destructure property 'error' of '(intermediate value)' as it is undefined. {"timestamp":"2023-03-07T15:00:50.090Z"}
[31m[31merror[31m[39m: the pathe error in /image/filter, server error: TypeError: Cannot destructure property 'error' of '(intermediate value)' as it is undefined. {"timestamp":"2023-03-07T15:01:22.969Z"}
[31m[31merror[31m[39m: the pathe error in /image/filter, server error: TypeError: Cannot destructure property 'error' of '(intermediate value)' as it is undefined. {"timestamp":"2023-03-07T15:25:35.607Z"}
[31m[31merror[31m[39m: the pathe error in /image/filter,  Custom Server Error > No image uplaoded or missing filterName {"timestamp":"2023-03-08T09:07:14.512Z"}
[31m[31merror[31m[39m: the pathe error in /image/filter,  Custom Server Error > No image uplaoded or missing filterName {"timestamp":"2023-03-08T09:09:11.024Z"}
[31m[31merror[31m[39m: the pathe error in /undefined,  Custom Server Error > API Not found {"timestamp":"2023-03-08T09:14:34.501Z"}
[31m[31merror[31m[39m: the pathe error in /favicon.ico,  Custom Server Error > API Not found {"timestamp":"2023-03-08T09:14:34.583Z"}
[31m[31merror[31m[39m: the pathe error in /image/filter,  Custom Server Error > No image uplaoded or missing filterName {"timestamp":"2023-03-08T09:39:04.488Z"}
[31m[31merror[31m[39m: the pathe error in /image/filter, server error: TypeError: Cannot destructure property 'error' of '(intermediate value)' as it is undefined. {"timestamp":"2023-03-08T09:39:48.817Z"}
[31m[31merror[31m[39m: the pathe error in /image/filter,  Custom Server Error > No image uplaoded or missing filterName {"timestamp":"2023-03-08T09:43:50.222Z"}
[31m[31merror[31m[39m: the pathe error in /image/filter,  Custom Server Error > No image uplaoded or missing filterName {"timestamp":"2023-03-08T09:44:42.978Z"}
[31m[31merror[31m[39m: the pathe error in /image/filter,  Custom Server Error > No image uplaoded or missing filterName {"timestamp":"2023-03-08T09:44:53.512Z"}
[31m[31merror[31m[39m: the pathe error in /image/filter,  Custom Server Error > No image uplaoded or missing filterName {"timestamp":"2023-03-08T09:45:42.736Z"}
[31m[31merror[31m[39m: the pathe error in /image/filter,  Custom Server Error > No image uplaoded or missing filterName {"timestamp":"2023-03-08T09:46:30.457Z"}
[31m[31merror[31m[39m: the pathe error in /image/filter,  Custom Server Error > No image uploaded or missing filterName {"timestamp":"2023-03-08T09:50:42.591Z"}
[31m[31merror[31m[39m: the pathe error in /custom-label/search-image,  Custom Server Error > [object Object] {"timestamp":"2023-03-08T09:55:49.704Z"}
[31m[31merror[31m[39m: the pathe error in /custom-label/search-image,  Custom Server Error > [object Object] {"timestamp":"2023-03-08T09:55:53.924Z"}
[31m[31merror[31m[39m: the pathe error in /custom-label/search-image,  Custom Server Error > [object Object] {"timestamp":"2023-03-08T10:02:15.608Z"}
[31m[31merror[31m[39m: the pathe error in /custom-label/search-image,  Custom Server Error > [object Object] {"timestamp":"2023-03-08T10:05:10.052Z"}
[31m[31merror[31m[39m: the pathe error in /custom-label/search-image, server error: TypeError: Cannot destructure property 'results' of 'results' as it is undefined. {"timestamp":"2023-03-08T10:06:13.590Z"}
[31m[31merror[31m[39m: the pathe error in /custom-label/search-image, server error: TypeError: Cannot destructure property 'results' of 'results' as it is undefined. {"timestamp":"2023-03-08T10:06:50.485Z"}
[31m[31merror[31m[39m: the pathe error in /image/filter,  Custom Server Error > No image uploaded or missing filterName {"timestamp":"2023-03-08T10:46:43.845Z"}
[31m[31merror[31m[39m: the pathe error in /image/filter, server error: TypeError: Cannot destructure property 'error' of '(intermediate value)' as it is undefined. {"timestamp":"2023-03-08T10:48:59.926Z"}
[31m[31merror[31m[39m: the pathe error in /image/filter, server error: TypeError: Cannot destructure property 'error' of '(intermediate value)' as it is undefined. {"timestamp":"2023-03-08T10:49:46.588Z"}
[31m[31merror[31m[39m: the pathe error in /image/filter, server error: TypeError: Cannot destructure property 'error' of '(intermediate value)' as it is undefined. {"timestamp":"2023-03-08T10:50:17.264Z"}
